*** Starting uWSGI 2.0.18 (64bit) on [Thu Jan  2 15:56:14 2020] ***
compiled with version: 4.2.1 Compatible Apple LLVM 11.0.0 (clang-1100.0.33.8) on 02 January 2020 19:54:39
os: Darwin-19.2.0 Darwin Kernel Version 19.2.0: Sat Nov  9 03:47:04 PST 2019; root:xnu-6153.61.1~20/RELEASE_X86_64
nodename: fangjingyandeMacBook-Pro.local
machine: x86_64
clock source: unix
pcre jit disabled
detected number of CPU cores: 8
current working directory: /Users/olivia/Documents/django_projects/dailyfresh
writing pidfile to uwsgi2.pid
detected binary path: /Users/olivia/Documents/django_projects/dailyfresh/venv/bin/uwsgi
chdir() to /Users/olivia/Documents/django_projects/dailyfresh
your processes number limit is 2784
your memory page size is 4096 bytes
detected max file descriptor number: 12544
lock engine: OSX spinlocks
thunder lock: disabled (you can enable it with --thunder-lock)
uwsgi socket 0 bound to TCP address 127.0.0.1:8000 fd 3
Python version: 3.7.6 (default, Dec 27 2019, 14:44:52)  [Clang 11.0.0 (clang-1100.0.33.8)]
Set PythonHome to /Users/olivia/Documents/django_projects/dailyfresh/venv
Python main interpreter initialized at 0x7fc3fc702940
python threads support enabled
your server socket listen backlog is limited to 100 connections
your mercy for graceful operations on workers is 60 seconds
mapped 416560 bytes (406 KB) for 8 cores
*** Operational MODE: preforking+threaded ***
WSGI app 0 (mountpoint='') ready in 0 seconds on interpreter 0x7fc3fc702940 pid: 12994 (default app)
*** uWSGI is running in multiple interpreter mode ***
spawned uWSGI master process (pid: 12994)
spawned uWSGI worker 1 (pid: 13054, cores: 2)
spawned uWSGI worker 2 (pid: 13055, cores: 2)
spawned uWSGI worker 3 (pid: 13056, cores: 2)
spawned uWSGI worker 4 (pid: 13057, cores: 2)
[pid: 13056|app: 0|req: 1/1] 127.0.0.1 () {52 vars in 1024 bytes} [Thu Jan  2 20:56:31 2020] GET /index => generated 7532 bytes in 259 msecs (HTTP/1.1 200) 4 headers in 124 bytes (1 switches on core 0)
[pid: 13057|app: 0|req: 1/2] 127.0.0.1 () {52 vars in 957 bytes} [Thu Jan  2 20:56:32 2020] GET /favicon.ico => generated 77 bytes in 203 msecs (HTTP/1.1 404) 3 headers in 100 bytes (1 switches on core 0)
[pid: 13056|app: 0|req: 2/3] 127.0.0.1 () {50 vars in 983 bytes} [Thu Jan  2 21:03:57 2020] GET / => generated 77 bytes in 3 msecs (HTTP/1.1 404) 3 headers in 100 bytes (1 switches on core 1)
[pid: 13056|app: 0|req: 3/4] 127.0.0.1 () {52 vars in 1014 bytes} [Thu Jan  2 21:06:09 2020] GET / => generated 77 bytes in 0 msecs (HTTP/1.1 404) 3 headers in 100 bytes (1 switches on core 0)
[pid: 13057|app: 0|req: 2/5] 127.0.0.1 () {52 vars in 1014 bytes} [Thu Jan  2 21:06:10 2020] GET / => generated 77 bytes in 2 msecs (HTTP/1.1 404) 3 headers in 100 bytes (2 switches on core 1)
